0 info it worked if it ends with ok
1 verbose cli [ '/usr/local/bin/node',
1 verbose cli   '/usr/local/bin/npm',
1 verbose cli   'install',
1 verbose cli   'system_timezone' ]
2 info using npm@2.15.1
3 info using node@v4.4.3
4 verbose install initial load of /var/working/atomik-controller/atomik_server/package.json
5 verbose installManyTop reading scoped package data from /var/working/atomik-controller/atomik_server/node_modules/async/package.json
6 verbose installManyTop reading scoped package data from /var/working/atomik-controller/atomik_server/node_modules/body-parser/package.json
7 verbose installManyTop reading scoped package data from /var/working/atomik-controller/atomik_server/node_modules/express/package.json
8 verbose installManyTop reading scoped package data from /var/working/atomik-controller/atomik_server/node_modules/fs/package.json
9 verbose installManyTop reading scoped package data from /var/working/atomik-controller/atomik_server/node_modules/mysql/package.json
10 info package.json fs@0.0.2 fs is also the name of a node core module.
11 info package.json fs@0.0.2 No description
12 info package.json fs@0.0.2 No repository field.
13 info package.json fs@0.0.2 No README data
14 verbose readDependencies loading dependencies from /var/working/atomik-controller/atomik_server/package.json
15 silly cache add args [ 'system_timezone', null ]
16 verbose cache add spec system_timezone
17 silly cache add parsed spec Result {
17 silly cache add   raw: 'system_timezone',
17 silly cache add   scope: null,
17 silly cache add   name: 'system_timezone',
17 silly cache add   rawSpec: '',
17 silly cache add   spec: 'latest',
17 silly cache add   type: 'tag' }
18 silly addNamed system_timezone@latest
19 verbose addNamed "latest" is being treated as a dist-tag for system_timezone
20 info addNameTag [ 'system_timezone', 'latest' ]
21 silly mapToRegistry name system_timezone
22 silly mapToRegistry using default registry
23 silly mapToRegistry registry https://registry.npmjs.org/
24 silly mapToRegistry data Result {
24 silly mapToRegistry   raw: 'system_timezone',
24 silly mapToRegistry   scope: null,
24 silly mapToRegistry   name: 'system_timezone',
24 silly mapToRegistry   rawSpec: '',
24 silly mapToRegistry   spec: 'latest',
24 silly mapToRegistry   type: 'tag' }
25 silly mapToRegistry uri https://registry.npmjs.org/system_timezone
26 verbose addNameTag registry:https://registry.npmjs.org/system_timezone not in flight; fetching
27 verbose request uri https://registry.npmjs.org/system_timezone
28 verbose request no auth needed
29 info attempt registry request try #1 at 12:24:42 PM
30 verbose request id 6af63c1c0d48094d
31 http request GET https://registry.npmjs.org/system_timezone
32 http 404 https://registry.npmjs.org/system_timezone
33 verbose headers { 'content-type': 'application/json',
33 verbose headers   'cache-control': 'max-age=0',
33 verbose headers   'content-length': '2',
33 verbose headers   'accept-ranges': 'bytes',
33 verbose headers   date: 'Sun, 19 Jun 2016 19:24:44 GMT',
33 verbose headers   via: '1.1 varnish',
33 verbose headers   age: '0',
33 verbose headers   connection: 'keep-alive',
33 verbose headers   'x-served-by': 'cache-lax1439-LAX',
33 verbose headers   'x-cache': 'MISS',
33 verbose headers   'x-cache-hits': '0',
33 verbose headers   'x-timer': 'S1466364283.799007,VS0,VE306',
33 verbose headers   vary: 'Accept-Encoding' }
34 silly get cb [ 404,
34 silly get   { 'content-type': 'application/json',
34 silly get     'cache-control': 'max-age=0',
34 silly get     'content-length': '2',
34 silly get     'accept-ranges': 'bytes',
34 silly get     date: 'Sun, 19 Jun 2016 19:24:44 GMT',
34 silly get     via: '1.1 varnish',
34 silly get     age: '0',
34 silly get     connection: 'keep-alive',
34 silly get     'x-served-by': 'cache-lax1439-LAX',
34 silly get     'x-cache': 'MISS',
34 silly get     'x-cache-hits': '0',
34 silly get     'x-timer': 'S1466364283.799007,VS0,VE306',
34 silly get     vary: 'Accept-Encoding' } ]
35 verbose stack Error: Registry returned 404 for GET on https://registry.npmjs.org/system_timezone
35 verbose stack     at makeError (/usr/local/lib/node_modules/npm/node_modules/npm-registry-client/lib/request.js:264:12)
35 verbose stack     at CachingRegistryClient.<anonymous> (/usr/local/lib/node_modules/npm/node_modules/npm-registry-client/lib/request.js:242:14)
35 verbose stack     at Request._callback (/usr/local/lib/node_modules/npm/node_modules/npm-registry-client/lib/request.js:172:14)
35 verbose stack     at Request.self.callback (/usr/local/lib/node_modules/npm/node_modules/request/request.js:199:22)
35 verbose stack     at emitTwo (events.js:87:13)
35 verbose stack     at Request.emit (events.js:172:7)
35 verbose stack     at Request.<anonymous> (/usr/local/lib/node_modules/npm/node_modules/request/request.js:1036:10)
35 verbose stack     at emitOne (events.js:82:20)
35 verbose stack     at Request.emit (events.js:169:7)
35 verbose stack     at IncomingMessage.<anonymous> (/usr/local/lib/node_modules/npm/node_modules/request/request.js:963:12)
36 verbose statusCode 404
37 verbose pkgid system_timezone
38 verbose cwd /var/working/atomik-controller/atomik_server
39 error Linux 4.1.19+
40 error argv "/usr/local/bin/node" "/usr/local/bin/npm" "install" "system_timezone"
41 error node v4.4.3
42 error npm  v2.15.1
43 error code E404
44 error 404 Registry returned 404 for GET on https://registry.npmjs.org/system_timezone
44 error 404
44 error 404 'system_timezone' is not in the npm registry.
44 error 404 You should bug the author to publish it (or use the name yourself!)
44 error 404
44 error 404 Note that you can also install from a
44 error 404 tarball, folder, http url, or git url.
45 verbose exit [ 1, true ]
